<?xml version="1.0" encoding="UTF-8"?>
<!-- Generated by org.testng.reporters.JUnitReportReporter -->
<testsuite hostname="Sedra" failures="0" tests="2" name="lab.Lab" time="1.498" errors="0" timestamp="2023-11-29T21:06:47 EET" skipped="0">
  <testcase classname="lab.Lab" name="Login" time="0.835"/>
  <system-out/>
  <testcase classname="lab.Lab" name="print" time="0.663"/>
  <system-out/>
</testsuite> <!-- lab.Lab -->
